<?xml version="1.0" encoding="UTF-8"?>
<!-- Generated by org.testng.reporters.JUnitReportReporter -->
<testsuite hostname="Moes-MacBook-Pro.local" failures="0" tests="2" name="instabugtask.apiautomateGetrequests" time="2.308" errors="0" timestamp="2021-10-24T00:04:17 EET" skipped="0">
  <testcase classname="instabugtask.apiautomateGetrequests" name="Createcategory" time="2.267"/>
  <system-out/>
  <testcase classname="instabugtask.apiautomateGetrequests" name="Createproduct" time="0.041"/>
  <system-out/>
</testsuite> <!-- instabugtask.apiautomateGetrequests -->
