<?xml version="1.0" encoding="UTF-8"?>
<!-- Generated by org.testng.reporters.JUnitReportReporter -->
<testsuite hostname="Moes-MacBook-Pro.local" failures="0" tests="1" name="instabugtask.registertest" time="6.725" errors="0" timestamp="2021-10-24T02:54:00 EET" skipped="0">
  <testcase classname="instabugtask.registertest" name="register" time="6.725"/>
  <system-out/>
</testsuite> <!-- instabugtask.registertest -->
