<?xml version="1.0" encoding="UTF-8"?>
<!-- Generated by org.testng.reporters.JUnitReportReporter -->
<testsuite hostname="Moes-MacBook-Pro.local" failures="0" tests="1" name="instabugtask.Apitestassure" time="2.683" errors="0" timestamp="2021-10-23T17:51:49 EET" skipped="0">
  <testcase classname="instabugtask.Apitestassure" name="posttest" time="2.683"/>
  <system-out/>
</testsuite> <!-- instabugtask.Apitestassure -->
